# JRE version: Java(TM) SE Runtime Environment (8.0_162-b12) (build 1.8.0_162-b12)
# Java VM: Java HotSpot(TM) 64-Bit Server VM (25.162-b12 mixed mode bsd-amd64 compressed oops)
Heap:
 PSYoungGen      total 731136K, used 535600K [0x000000076ab00000, 0x00000007a1f80000, 0x00000007c0000000)
  eden space 624128K, 68% used [0x000000076ab00000,0x0000000784db6308,0x0000000790c80000)
  from space 107008K, 99% used [0x0000000792800000,0x0000000799056050,0x0000000799080000)
  to   space 140800K, 0% used [0x0000000799600000,0x0000000799600000,0x00000007a1f80000)
 ParOldGen       total 373248K, used 219043K [0x00000006c0000000, 0x00000006d6c80000, 0x000000076ab00000)
  object space 373248K, 58% used [0x00000006c0000000,0x00000006cd5e8e18,0x00000006d6c80000)
 Metaspace       used 231729K, capacity 255815K, committed 256128K, reserved 1275904K
  class space    used 29048K, capacity 30491K, committed 30592K, reserved 1048576K
GC Heap History (10 events):
Event: 6655,334 GC heap before
{Heap before GC invocations=37 (full 6):
 PSYoungGen      total 862720K, used 824000K [0x000000076ab00000, 0x00000007a7980000, 0x00000007c0000000)
  eden space 745984K, 100% used [0x000000076ab00000,0x0000000798380000,0x0000000798380000)
  from space 116736K, 66% used [0x00000007a0780000,0x00000007a53b03a0,0x00000007a7980000)
  to   space 125952K, 0% used [0x0000000798380000,0x0000000798380000,0x000000079fe80000)
 ParOldGen       total 373248K, used 215107K [0x00000006c0000000, 0x00000006d6c80000, 0x000000076ab00000)
  object space 373248K, 57% used [0x00000006c0000000,0x00000006cd210de8,0x00000006d6c80000)
 Metaspace       used 230452K, capacity 254257K, committed 254464K, reserved 1273856K
  class space    used 28910K, capacity 30353K, committed 30464K, reserved 1048576K
Event: 6655,480 GC heap after
Heap after GC invocations=37 (full 6):
 PSYoungGen      total 871936K, used 94966K [0x000000076ab00000, 0x00000007ab100000, 0x00000007c0000000)
  eden space 745984K, 0% used [0x000000076ab00000,0x000000076ab00000,0x0000000798380000)
  from space 125952K, 75% used [0x0000000798380000,0x000000079e03db00,0x000000079fe80000)
  to   space 133120K, 0% used [0x00000007a2f00000,0x00000007a2f00000,0x00000007ab100000)
 ParOldGen       total 373248K, used 215115K [0x00000006c0000000, 0x00000006d6c80000, 0x000000076ab00000)
  object space 373248K, 57% used [0x00000006c0000000,0x00000006cd212de8,0x00000006d6c80000)
 Metaspace       used 230452K, capacity 254257K, committed 254464K, reserved 1273856K
  class space    used 28910K, capacity 30353K, committed 30464K, reserved 1048576K
}
Event: 8996,760 GC heap before
{Heap before GC invocations=38 (full 6):
 PSYoungGen      total 871936K, used 840950K [0x000000076ab00000, 0x00000007ab100000, 0x00000007c0000000)
  eden space 745984K, 100% used [0x000000076ab00000,0x0000000798380000,0x0000000798380000)
  from space 125952K, 75% used [0x0000000798380000,0x000000079e03db00,0x000000079fe80000)
  to   space 133120K, 0% used [0x00000007a2f00000,0x00000007a2f00000,0x00000007ab100000)
 ParOldGen       total 373248K, used 215115K [0x00000006c0000000, 0x00000006d6c80000, 0x000000076ab00000)
  object space 373248K, 57% used [0x00000006c0000000,0x00000006cd212de8,0x00000006d6c80000)
 Metaspace       used 230811K, capacity 254667K, committed 254976K, reserved 1273856K
  class space    used 28931K, capacity 30368K, committed 30464K, reserved 1048576K
Event: 8997,278 GC heap after
Heap after GC invocations=38 (full 6):
 PSYoungGen      total 803328K, used 89813K [0x000000076ab00000, 0x00000007a8700000, 0x00000007c0000000)
  eden space 713216K, 0% used [0x000000076ab00000,0x000000076ab00000,0x0000000796380000)
  from space 90112K, 99% used [0x00000007a2f00000,0x00000007a86b56c0,0x00000007a8700000)
  to   space 136192K, 0% used [0x0000000797d00000,0x0000000797d00000,0x00000007a0200000)
 ParOldGen       total 373248K, used 215123K [0x00000006c0000000, 0x00000006d6c80000, 0x000000076ab00000)
  object space 373248K, 57% used [0x00000006c0000000,0x00000006cd214de8,0x00000006d6c80000)
 Metaspace       used 230811K, capacity 254667K, committed 254976K, reserved 1273856K
  class space    used 28931K, capacity 30368K, committed 30464K, reserved 1048576K
}
Event: 165706,345 GC heap before
{Heap before GC invocations=39 (full 6):
 PSYoungGen      total 803328K, used 803029K [0x000000076ab00000, 0x00000007a8700000, 0x00000007c0000000)
  eden space 713216K, 100% used [0x000000076ab00000,0x0000000796380000,0x0000000796380000)
  from space 90112K, 99% used [0x00000007a2f00000,0x00000007a86b56c0,0x00000007a8700000)
  to   space 136192K, 0% used [0x0000000797d00000,0x0000000797d00000,0x00000007a0200000)
 ParOldGen       total 373248K, used 215123K [0x00000006c0000000, 0x00000006d6c80000, 0x000000076ab00000)
  object space 373248K, 57% used [0x00000006c0000000,0x00000006cd214de8,0x00000006d6c80000)
 Metaspace       used 230938K, capacity 254851K, committed 254976K, reserved 1273856K
  class space    used 28951K, capacity 30388K, committed 30464K, reserved 1048576K
Event: 165708,719 GC heap after
Heap after GC invocations=39 (full 6):
 PSYoungGen      total 749568K, used 67289K [0x000000076ab00000, 0x00000007a4300000, 0x00000007c0000000)
  eden space 681984K, 0% used [0x000000076ab00000,0x000000076ab00000,0x0000000794500000)
  from space 67584K, 99% used [0x0000000797d00000,0x000000079beb6488,0x000000079bf00000)
  to   space 130048K, 0% used [0x000000079c400000,0x000000079c400000,0x00000007a4300000)
 ParOldGen       total 373248K, used 215131K [0x00000006c0000000, 0x00000006d6c80000, 0x000000076ab00000)
  object space 373248K, 57% used [0x00000006c0000000,0x00000006cd216de8,0x00000006d6c80000)
 Metaspace       used 230938K, capacity 254851K, committed 254976K, reserved 1273856K
  class space    used 28951K, capacity 30388K, committed 30464K, reserved 1048576K
}
Event: 191304,110 GC heap before
{Heap before GC invocations=40 (full 6):
 PSYoungGen      total 749568K, used 749273K [0x000000076ab00000, 0x00000007a4300000, 0x00000007c0000000)
  eden space 681984K, 100% used [0x000000076ab00000,0x0000000794500000,0x0000000794500000)
  from space 67584K, 99% used [0x0000000797d00000,0x000000079beb6488,0x000000079bf00000)
  to   space 130048K, 0% used [0x000000079c400000,0x000000079c400000,0x00000007a4300000)
 ParOldGen       total 373248K, used 215131K [0x00000006c0000000, 0x00000006d6c80000, 0x000000076ab00000)
  object space 373248K, 57% used [0x00000006c0000000,0x00000006cd216de8,0x00000006d6c80000)
 Metaspace       used 231364K, capacity 255419K, committed 255488K, reserved 1273856K
  class space    used 29003K, capacity 30431K, committed 30464K, reserved 1048576K
Event: 191313,637 GC heap after
Heap after GC invocations=40 (full 6):
 PSYoungGen      total 757760K, used 90566K [0x000000076ab00000, 0x00000007a2b00000, 0x00000007c0000000)
  eden space 652288K, 0% used [0x000000076ab00000,0x000000076ab00000,0x0000000792800000)
  from space 105472K, 85% used [0x000000079c400000,0x00000007a1c71878,0x00000007a2b00000)
  to   space 132608K, 0% used [0x0000000792800000,0x0000000792800000,0x000000079a980000)
 ParOldGen       total 373248K, used 218267K [0x00000006c0000000, 0x00000006d6c80000, 0x000000076ab00000)
  object space 373248K, 58% used [0x00000006c0000000,0x00000006cd526e18,0x00000006d6c80000)
 Metaspace       used 231364K, capacity 255419K, committed 255488K, reserved 1273856K
  class space    used 29003K, capacity 30431K, committed 30464K, reserved 1048576K
}
Event: 348885,507 GC heap before
{Heap before GC invocations=41 (full 6):
 PSYoungGen      total 757760K, used 742854K [0x000000076ab00000, 0x00000007a2b00000, 0x00000007c0000000)
  eden space 652288K, 100% used [0x000000076ab00000,0x0000000792800000,0x0000000792800000)
  from space 105472K, 85% used [0x000000079c400000,0x00000007a1c71878,0x00000007a2b00000)
  to   space 132608K, 0% used [0x0000000792800000,0x0000000792800000,0x000000079a980000)
 ParOldGen       total 373248K, used 218267K [0x00000006c0000000, 0x00000006d6c80000, 0x000000076ab00000)
  object space 373248K, 58% used [0x00000006c0000000,0x00000006cd526e18,0x00000006d6c80000)
 Metaspace       used 231696K, capacity 255785K, committed 256128K, reserved 1275904K
  class space    used 29043K, capacity 30486K, committed 30592K, reserved 1048576K
Event: 348926,462 GC heap after
Heap after GC invocations=41 (full 6):
 PSYoungGen      total 731136K, used 106840K [0x000000076ab00000, 0x00000007a1f80000, 0x00000007c0000000)
  eden space 624128K, 0% used [0x000000076ab00000,0x000000076ab00000,0x0000000790c80000)
  from space 107008K, 99% used [0x0000000792800000,0x0000000799056050,0x0000000799080000)
  to   space 140800K, 0% used [0x0000000799600000,0x0000000799600000,0x00000007a1f80000)
 ParOldGen       total 373248K, used 219043K [0x00000006c0000000, 0x00000006d6c80000, 0x000000076ab00000)
  object space 373248K, 58% used [0x00000006c0000000,0x00000006cd5e8e18,0x00000006d6c80000)
 Metaspace       used 231696K, capacity 255785K, committed 256128K, reserved 1275904K
  class space    used 29043K, capacity 30486K, committed 30592K, reserved 1048576K
}

